Build started 2/21/2016 6:39:06 PM.
     1>Project "C:\Users\EK\Desktop\C++Projects\RacingGame\RacingGame\RacingGame.vcxproj" on node 2 (Build target(s)).
     1>ClCompile:
         C:\Program Files (x86)\Microsoft Visual Studio 12.0\VC\bin\CL.exe /c /Zi /nologo /W3 /WX- /sdl /O2 /Oi /Oy- /GL /D _MBCS /Gm- /EHsc /MD /GS /Gy /fp:precise /Zc:wchar_t /Zc:forScope /Fo"Release\\" /Fd"Release\vc120.pdb" /Gd /TP /analyze- /errorReport:prompt ..\src\Car.cpp
         Car.cpp
     1>..\src\Car.cpp(5): warning C4305: 'initializing' : truncation from 'double' to 'const float'
     1>..\src\Car.cpp(23): warning C4244: 'argument' : conversion from 'double' to 'float', possible loss of data
     1>..\src\Car.cpp(34): warning C4305: '=' : truncation from 'double' to 'float'
     1>..\src\Car.cpp(83): warning C4244: 'argument' : conversion from 'int' to 'const float', possible loss of data
     1>..\src\Car.cpp(117): warning C4244: '+=' : conversion from 'float' to 'int', possible loss of data
     1>..\src\Car.cpp(128): warning C4244: '+=' : conversion from 'float' to 'int', possible loss of data
     1>..\src\Car.cpp(138): warning C4244: '-=' : conversion from 'float' to 'int', possible loss of data
     1>..\src\Car.cpp(151): warning C4244: '-=' : conversion from 'float' to 'int', possible loss of data
     1>..\src\Car.cpp(249): warning C4244: 'argument' : conversion from 'double' to 'float', possible loss of data
     1>..\src\Car.cpp(250): warning C4244: 'argument' : conversion from 'double' to 'float', possible loss of data
     1>..\src\Car.cpp(304): warning C4305: 'argument' : truncation from 'double' to 'const float'
     1>..\src\Car.cpp(304): warning C4244: 'argument' : conversion from 'double' to 'const float', possible loss of data
     1>..\src\Car.cpp(348): warning C4244: 'argument' : conversion from 'double' to 'float', possible loss of data
       Link:
         C:\Program Files (x86)\Microsoft Visual Studio 12.0\VC\bin\link.exe /ERRORREPORT:PROMPT /OUT:"C:\Users\EK\Desktop\C++Projects\RacingGame\Release\RacingGame.exe" /NOLOGO "sfml-main.lib" "sfml-system.lib" "sfml-graphics.lib" "sfml-window.lib" kernel32.lib user32.lib gdi32.lib winspool.lib comdlg32.lib advapi32.lib shell32.lib ole32.lib oleaut32.lib uuid.lib odbc32.lib odbccp32.lib /MANIFEST /MANIFESTUAC:"level='asInvoker' uiAccess='false'" /manifest:embed /DEBUG /PDB:"C:\Users\EK\Desktop\C++Projects\RacingGame\Release\RacingGame.pdb" /OPT:REF /OPT:ICF /LTCG /TLBID:1 /DYNAMICBASE /NXCOMPAT /IMPLIB:"C:\Users\EK\Desktop\C++Projects\RacingGame\Release\RacingGame.lib" /MACHINE:X86 /SAFESEH Release\Car.obj
         Release\Collidable.obj
         Release\Game.obj
         Release\main.obj
         Release\HUD.obj
         Release\TextureLoader.obj
         Release\Tyre.obj
         Release\Vector.obj
         Generating code
         Finished generating code
         RacingGame.vcxproj -> C:\Users\EK\Desktop\C++Projects\RacingGame\Release\RacingGame.exe
     1>Done Building Project "C:\Users\EK\Desktop\C++Projects\RacingGame\RacingGame\RacingGame.vcxproj" (Build target(s)).

Build succeeded.

Time Elapsed 00:00:02.70
